2024-09-14 22:32:57,942 - logger name:log/ENGERY/eac-43/eac.log
2024-09-14 22:32:57,942 - params : {'conf': 'new_conf/ENGERY/eac.json', 'seed': 43, 'paral': 0, 'gpuid': 0, 'logname': 'eac', 'method': 'EAC', 'load_first_year': 0, 'first_year_model_path': 'log/PEMS/trafficstream-42/2011/16.6936.pkl', 'device': device(type='cuda', index=0), 'methods': {'TrafficStream': <class 'src.model.model.TrafficStream_Model'>, 'STKEC': <class 'src.model.model.STKEC_Model'>, 'EAC': <class 'src.model.model.EAC_Model'>}, 'begin_year': 0, 'end_year': 3, 'dropout': 0.0, 'lr': 0.03, 'batch_size': 128, 'epoch': 100, 'loss': 'mse', 'activation': 'relu', 'scheduler': 'epo', 'y_len': 12, 'x_len': 12, 'data_process': 0, 'raw_data_path': 'data/ENGERY/RawData/', 'save_data_path': 'data/ENGERY/FastData/', 'graph_path': 'data/ENGERY/graph/', 'model_path': 'log/ENGERY/', 'gcn': {'in_channel': 12, 'out_channel': 12, 'hidden_channel': 64}, 'tcn': {'in_channel': 1, 'out_channel': 1, 'kernel_size': 3, 'dilation': 1}, 'rank': 6, 'init': True, 'train': 1, 'auto_test': 0, 'strategy': 'retrain', 'detect': False, 'ewc': False, 'replay': False, 'path': 'log/ENGERY/eac-43', 'logger': <Logger utils.initialize (INFO)>}
2024-09-14 22:32:57,952 - [*] Year 0 load from data/ENGERY/FastData/0.npz
2024-09-14 22:32:58,227 - [*] Year 0 Dataset load!
2024-09-14 22:32:58,244 - Total Parameters: 3998
2024-09-14 22:32:58,244 - Trainable Parameters: 3998
2024-09-14 22:32:58,244 - [*] Year 0 Training start
2024-09-14 22:32:58,821 - node number torch.Size([13184, 12])
2024-09-14 22:33:00,581 - epoch:0, training loss:166872.0686 validation loss:182.0578
2024-09-14 22:33:02,460 - epoch:1, training loss:82227.8001 validation loss:174.4356
2024-09-14 22:33:04,221 - epoch:2, training loss:76580.4106 validation loss:163.5200
2024-09-14 22:33:05,982 - epoch:3, training loss:76237.4103 validation loss:165.0291
2024-09-14 22:33:07,778 - epoch:4, training loss:75079.1182 validation loss:181.3690
2024-09-14 22:33:09,508 - epoch:5, training loss:73992.4944 validation loss:177.1683
2024-09-14 22:33:11,325 - epoch:6, training loss:74203.5058 validation loss:167.8978
2024-09-14 22:33:13,152 - epoch:7, training loss:74063.3516 validation loss:157.3165
2024-09-14 22:33:14,882 - epoch:8, training loss:75765.0612 validation loss:188.0422
2024-09-14 22:33:16,486 - epoch:9, training loss:76411.6569 validation loss:158.4849
2024-09-14 22:33:18,132 - epoch:10, training loss:73259.5090 validation loss:181.3295
2024-09-14 22:33:19,761 - epoch:11, training loss:74221.1182 validation loss:171.3220
2024-09-14 22:33:21,578 - epoch:12, training loss:73015.0270 validation loss:168.6451
2024-09-14 22:33:23,285 - epoch:13, training loss:73185.0697 validation loss:179.1662
2024-09-14 22:33:24,130 - [*] loss:105531.3906
2024-09-14 22:33:24,136 - [*] year 0, testing
2024-09-14 22:33:24,194 - T:3	MAE	175.2865	RMSE	250.2919	MAPE	1947.0989
2024-09-14 22:33:24,313 - T:6	MAE	195.4213	RMSE	284.2802	MAPE	2361.4450
2024-09-14 22:33:24,677 - T:12	MAE	230.2857	RMSE	334.0299	MAPE	4020.4151
2024-09-14 22:33:24,677 - T:Avg	MAE	197.3946	RMSE	284.5267	MAPE	2716.4890
2024-09-14 22:33:24,678 - Finished optimization, total time:16.59 s, best model:log/ENGERY/eac-43/0/157.3165.pkl
2024-09-14 22:33:24,690 - [*] Year 1 load from data/ENGERY/FastData/1.npz
2024-09-14 22:33:24,808 - [*] Year 1 Dataset load!
2024-09-14 22:33:24,808 - [*] load from log/ENGERY/eac-43/0/157.3165.pkl
2024-09-14 22:33:24,877 - Total Parameters: 4052
2024-09-14 22:33:24,877 - Trainable Parameters: 744
2024-09-14 22:33:24,877 - [*] Year 1 Training start
2024-09-14 22:33:25,577 - node number torch.Size([14336, 12])
2024-09-14 22:33:26,615 - epoch:0, training loss:66161.8479 validation loss:215.5947
2024-09-14 22:33:28,348 - epoch:1, training loss:63885.5854 validation loss:211.2218
2024-09-14 22:33:30,068 - epoch:2, training loss:63715.7691 validation loss:180.3022
2024-09-14 22:33:31,755 - epoch:3, training loss:63500.2399 validation loss:207.2315
2024-09-14 22:33:33,390 - epoch:4, training loss:62734.4990 validation loss:197.1068
2024-09-14 22:33:35,009 - epoch:5, training loss:63038.2512 validation loss:195.9319
2024-09-14 22:33:36,556 - epoch:6, training loss:63122.3925 validation loss:193.3792
2024-09-14 22:33:38,253 - epoch:7, training loss:63135.3952 validation loss:175.9307
2024-09-14 22:33:40,000 - epoch:8, training loss:64347.6976 validation loss:198.3985
2024-09-14 22:33:41,718 - epoch:9, training loss:63032.0618 validation loss:192.3904
2024-09-14 22:33:43,349 - epoch:10, training loss:63290.6832 validation loss:212.3460
2024-09-14 22:33:44,982 - epoch:11, training loss:63052.1144 validation loss:216.4319
2024-09-14 22:33:46,720 - epoch:12, training loss:62687.8562 validation loss:204.7590
2024-09-14 22:33:48,372 - epoch:13, training loss:62553.6885 validation loss:200.2054
2024-09-14 22:33:49,353 - [*] loss:61746.8516
2024-09-14 22:33:49,360 - [*] year 1, testing
2024-09-14 22:33:49,406 - T:3	MAE	100.4588	RMSE	160.5215	MAPE	2456.4960
2024-09-14 22:33:49,477 - T:6	MAE	127.2201	RMSE	198.7633	MAPE	4326.3573
2024-09-14 22:33:49,736 - T:12	MAE	166.8779	RMSE	251.1708	MAPE	7564.9101
2024-09-14 22:33:49,736 - T:Avg	MAE	127.9658	RMSE	197.9623	MAPE	4630.3428
2024-09-14 22:33:49,736 - Finished optimization, total time:13.31 s, best model:log/ENGERY/eac-43/1/175.9307.pkl
2024-09-14 22:33:49,752 - [*] Year 2 load from data/ENGERY/FastData/2.npz
2024-09-14 22:33:49,869 - [*] Year 2 Dataset load!
2024-09-14 22:33:49,869 - [*] load from log/ENGERY/eac-43/1/175.9307.pkl
2024-09-14 22:33:49,878 - Total Parameters: 4112
2024-09-14 22:33:49,878 - Trainable Parameters: 804
2024-09-14 22:33:49,878 - [*] Year 2 Training start
2024-09-14 22:33:50,594 - node number torch.Size([15616, 12])
2024-09-14 22:33:51,648 - epoch:0, training loss:64758.4216 validation loss:160.7601
2024-09-14 22:33:53,355 - epoch:1, training loss:64315.6842 validation loss:173.4564
2024-09-14 22:33:54,979 - epoch:2, training loss:65058.1692 validation loss:161.7655
2024-09-14 22:33:56,606 - epoch:3, training loss:64700.5336 validation loss:195.7816
2024-09-14 22:33:58,256 - epoch:4, training loss:65199.4563 validation loss:166.4676
2024-09-14 22:33:59,927 - epoch:5, training loss:64375.4124 validation loss:179.7803
2024-09-14 22:34:01,570 - epoch:6, training loss:64414.2104 validation loss:176.3023
2024-09-14 22:34:02,385 - [*] loss:45005.1914
2024-09-14 22:34:02,391 - [*] year 2, testing
2024-09-14 22:34:02,434 - T:3	MAE	95.4825	RMSE	147.1804	MAPE	2149.4902
2024-09-14 22:34:02,513 - T:6	MAE	113.4981	RMSE	175.7247	MAPE	2995.0050
2024-09-14 22:34:02,749 - T:12	MAE	142.7751	RMSE	216.1405	MAPE	5455.9219
2024-09-14 22:34:02,749 - T:Avg	MAE	115.1841	RMSE	175.7016	MAPE	3460.4849
2024-09-14 22:34:02,749 - Finished optimization, total time:6.32 s, best model:log/ENGERY/eac-43/2/160.7601.pkl
2024-09-14 22:34:02,766 - [*] Year 3 load from data/ENGERY/FastData/3.npz
2024-09-14 22:34:02,903 - [*] Year 3 Dataset load!
2024-09-14 22:34:02,903 - [*] load from log/ENGERY/eac-43/2/160.7601.pkl
2024-09-14 22:34:02,959 - Total Parameters: 4184
2024-09-14 22:34:02,959 - Trainable Parameters: 876
2024-09-14 22:34:02,960 - [*] Year 3 Training start
2024-09-14 22:34:03,725 - node number torch.Size([17152, 12])
2024-09-14 22:34:04,675 - epoch:0, training loss:40605.3540 validation loss:123.5949
2024-09-14 22:34:06,291 - epoch:1, training loss:39222.2026 validation loss:145.0338
2024-09-14 22:34:07,942 - epoch:2, training loss:38994.8897 validation loss:134.2649
2024-09-14 22:34:09,566 - epoch:3, training loss:38979.1578 validation loss:124.2170
2024-09-14 22:34:11,218 - epoch:4, training loss:38741.3735 validation loss:127.5054
2024-09-14 22:34:12,874 - epoch:5, training loss:38937.5696 validation loss:139.2421
2024-09-14 22:34:14,503 - epoch:6, training loss:38796.3313 validation loss:119.5977
2024-09-14 22:34:16,076 - epoch:7, training loss:39279.6709 validation loss:121.3253
2024-09-14 22:34:17,676 - epoch:8, training loss:38256.4510 validation loss:123.8558
2024-09-14 22:34:19,226 - epoch:9, training loss:38674.7321 validation loss:135.0167
2024-09-14 22:34:20,981 - epoch:10, training loss:38335.2224 validation loss:126.9297
2024-09-14 22:34:22,756 - epoch:11, training loss:38739.7983 validation loss:123.4061
2024-09-14 22:34:24,595 - epoch:12, training loss:39005.8727 validation loss:135.3640
2024-09-14 22:34:25,695 - [*] loss:81767.5547
2024-09-14 22:34:25,703 - [*] year 3, testing
2024-09-14 22:34:25,746 - T:3	MAE	202.0646	RMSE	304.5701	MAPE	17266.4627
2024-09-14 22:34:25,828 - T:6	MAE	205.6170	RMSE	298.8600	MAPE	20156.4194
2024-09-14 22:34:26,071 - T:12	MAE	214.8468	RMSE	296.0687	MAPE	25901.0498
2024-09-14 22:34:26,071 - T:Avg	MAE	207.1985	RMSE	300.5471	MAPE	20736.2362
2024-09-14 22:34:26,071 - Finished optimization, total time:11.88 s, best model:log/ENGERY/eac-43/3/119.5977.pkl
2024-09-14 22:34:26,077 - 


2024-09-14 22:34:26,077 - 3   	 MAE	    175.29	    100.46	     95.48	    202.06		  143.32
2024-09-14 22:34:26,077 - 3   	RMSE	    250.29	    160.52	    147.18	    304.57		  215.64
2024-09-14 22:34:26,077 - 3   	MAPE	   1947.10	   2456.50	   2149.49	  17266.46		 5954.89
2024-09-14 22:34:26,077 - 6   	 MAE	    195.42	    127.22	    113.50	    205.62		  160.44
2024-09-14 22:34:26,077 - 6   	RMSE	    284.28	    198.76	    175.72	    298.86		  239.41
2024-09-14 22:34:26,077 - 6   	MAPE	   2361.45	   4326.36	   2995.01	  20156.42		 7459.81
2024-09-14 22:34:26,077 - 12  	 MAE	    230.29	    166.88	    142.78	    214.85		  188.70
2024-09-14 22:34:26,077 - 12  	RMSE	    334.03	    251.17	    216.14	    296.07		  274.35
2024-09-14 22:34:26,077 - 12  	MAPE	   4020.42	   7564.91	   5455.92	  25901.05		10735.57
2024-09-14 22:34:26,077 - Avg 	 MAE	    197.39	    127.97	    115.18	    207.20		  161.94
2024-09-14 22:34:26,078 - Avg 	RMSE	    284.53	    197.96	    175.70	    300.55		  239.68
2024-09-14 22:34:26,078 - Avg 	MAPE	   2716.49	   4630.34	   3460.48	  20736.24		 7885.89
2024-09-14 22:34:26,078 - year	0   	total_time	   16.5941	average_time	    1.1853	epoch	14
2024-09-14 22:34:26,078 - year	1   	total_time	   13.3091	average_time	    0.9507	epoch	14
2024-09-14 22:34:26,078 - year	2   	total_time	    6.3222	average_time	    0.9032	epoch	7
2024-09-14 22:34:26,078 - year	3   	total_time	   11.8804	average_time	    0.9139	epoch	13
2024-09-14 22:34:26,078 - total time: 48.1057
