2024-09-15 14:40:19,681 - logger name:log/ENGERY/pretrain_st_engery-43/pretrain_st_engery.log
2024-09-15 14:40:19,681 - params : {'conf': 'new_conf/ENGERY/pretrain_st_engery.json', 'seed': 43, 'paral': 0, 'gpuid': 1, 'logname': 'pretrain_st_engery', 'method': 'TrafficStream', 'load_first_year': 1, 'first_year_model_path': 'log/ENGERY/retrain_st_engery-43/0/158.1694.pkl', 'device': device(type='cuda', index=1), 'methods': {'TrafficStream': <class 'src.model.model.TrafficStream_Model'>, 'STKEC': <class 'src.model.model.STKEC_Model'>, 'EAC': <class 'src.model.model.EAC_Model'>}, 'begin_year': 0, 'end_year': 3, 'dropout': 0.1, 'lr': 0.01, 'batch_size': 128, 'epoch': 100, 'loss': 'mse', 'activation': 'relu', 'scheduler': 'epo', 'y_len': 12, 'x_len': 12, 'data_process': 0, 'raw_data_path': 'data/ENGERY/RawData/', 'save_data_path': 'data/ENGERY/FastData/', 'graph_path': 'data/ENGERY/graph/', 'model_path': 'log/ENGERY/', 'gcn': {'in_channel': 12, 'out_channel': 12, 'hidden_channel': 64}, 'tcn': {'in_channel': 1, 'out_channel': 1, 'kernel_size': 3, 'dilation': 1}, 'init': False, 'train': 0, 'auto_test': 1, 'strategy': 'pretrain', 'detect': False, 'ewc': False, 'replay': False, 'path': 'log/ENGERY/pretrain_st_engery-43', 'logger': <Logger utils.initialize (INFO)>}
2024-09-15 14:40:19,689 - [*] Year 0 load from data/ENGERY/FastData/0.npz
2024-09-15 14:40:19,812 - [*] load from log/ENGERY/retrain_st_engery-43/0/158.1694.pkl
2024-09-15 14:40:20,502 - [*] loss:96153.8281
2024-09-15 14:40:20,508 - [*] year 0, testing
2024-09-15 14:40:20,568 - T:3	MAE	167.7108	RMSE	237.0605	MAPE	2179.7544
2024-09-15 14:40:20,686 - T:6	MAE	187.2533	RMSE	272.0060	MAPE	2450.5924
2024-09-15 14:40:21,020 - T:12	MAE	219.2269	RMSE	318.3107	MAPE	4218.2400
2024-09-15 14:40:21,021 - T:Avg	MAE	188.2277	RMSE	270.2855	MAPE	2907.9948
2024-09-15 14:40:21,032 - [*] Year 1 load from data/ENGERY/FastData/1.npz
2024-09-15 14:40:21,033 - [*] load from log/ENGERY/retrain_st_engery-43/0/158.1694.pkl
2024-09-15 14:40:21,568 - [*] loss:64996.0664
2024-09-15 14:40:21,575 - [*] year 1, testing
2024-09-15 14:40:21,613 - T:3	MAE	111.0854	RMSE	175.7204	MAPE	2095.1153
2024-09-15 14:40:21,682 - T:6	MAE	134.5253	RMSE	211.8457	MAPE	3514.2807
2024-09-15 14:40:21,889 - T:12	MAE	169.0567	RMSE	258.8630	MAPE	6419.2665
2024-09-15 14:40:21,889 - T:Avg	MAE	134.9429	RMSE	209.9929	MAPE	3908.7717
2024-09-15 14:40:21,889 - [*] No increasing nodes at year 1, store model of the last year.
2024-09-15 14:40:21,902 - [*] Year 2 load from data/ENGERY/FastData/2.npz
2024-09-15 14:40:21,902 - [*] load from log/ENGERY/retrain_st_engery-43/0/158.1694.pkl
2024-09-15 14:40:22,490 - [*] loss:45576.9922
2024-09-15 14:40:22,496 - [*] year 2, testing
2024-09-15 14:40:22,540 - T:3	MAE	92.8787	RMSE	144.1610	MAPE	2056.7144
2024-09-15 14:40:22,621 - T:6	MAE	112.0865	RMSE	175.6143	MAPE	2823.8100
2024-09-15 14:40:22,838 - T:12	MAE	141.6739	RMSE	217.9318	MAPE	5186.4525
2024-09-15 14:40:22,838 - T:Avg	MAE	113.2414	RMSE	174.7736	MAPE	3303.7934
2024-09-15 14:40:22,838 - [*] No increasing nodes at year 2, store model of the last year.
2024-09-15 14:40:22,851 - [*] Year 3 load from data/ENGERY/FastData/3.npz
2024-09-15 14:40:22,852 - [*] load from log/ENGERY/retrain_st_engery-43/0/158.1694.pkl
2024-09-15 14:40:23,457 - [*] loss:78277.7500
2024-09-15 14:40:23,467 - [*] year 3, testing
2024-09-15 14:40:23,514 - T:3	MAE	213.6481	RMSE	290.1652	MAPE	22783.5281
2024-09-15 14:40:23,596 - T:6	MAE	216.1624	RMSE	284.5964	MAPE	25810.3271
2024-09-15 14:40:23,827 - T:12	MAE	227.1544	RMSE	288.3705	MAPE	31443.3868
2024-09-15 14:40:23,828 - T:Avg	MAE	219.0303	RMSE	288.8888	MAPE	26288.5763
2024-09-15 14:40:23,828 - [*] No increasing nodes at year 3, store model of the last year.
2024-09-15 14:40:23,828 - 


2024-09-15 14:40:23,828 - 3   	 MAE	    167.71	    111.09	     92.88	    213.65		  146.33
2024-09-15 14:40:23,828 - 3   	RMSE	    237.06	    175.72	    144.16	    290.17		  211.78
2024-09-15 14:40:23,828 - 3   	MAPE	   2179.75	   2095.12	   2056.71	  22783.53		 7278.78
2024-09-15 14:40:23,828 - 6   	 MAE	    187.25	    134.53	    112.09	    216.16		  162.51
2024-09-15 14:40:23,828 - 6   	RMSE	    272.01	    211.85	    175.61	    284.60		  236.02
2024-09-15 14:40:23,828 - 6   	MAPE	   2450.59	   3514.28	   2823.81	  25810.33		 8649.75
2024-09-15 14:40:23,828 - 12  	 MAE	    219.23	    169.06	    141.67	    227.15		  189.28
2024-09-15 14:40:23,828 - 12  	RMSE	    318.31	    258.86	    217.93	    288.37		  270.87
2024-09-15 14:40:23,829 - 12  	MAPE	   4218.24	   6419.27	   5186.45	  31443.39		11816.84
2024-09-15 14:40:23,829 - Avg 	 MAE	    188.23	    134.94	    113.24	    219.03		  163.86
2024-09-15 14:40:23,829 - Avg 	RMSE	    270.29	    209.99	    174.77	    288.89		  235.99
2024-09-15 14:40:23,829 - Avg 	MAPE	   2907.99	   3908.77	   3303.79	  26288.58		 9102.28
2024-09-15 14:40:23,829 - total time: 0.0000
