2024-09-13 02:11:04,519 - logger name:log/ENGERY/oneline_st_an_engery-43/oneline_st_an_engery.log
2024-09-13 02:11:04,519 - params : {'conf': 'new_conf/ENGERY/oneline_st_an_engery.json', 'seed': 43, 'paral': 0, 'gpuid': 1, 'logname': 'oneline_st_an_engery', 'method': 'TrafficStream', 'load_first_year': 0, 'first_year_model_path': 'log/PEMS/trafficstream-42/2011/16.6936.pkl', 'device': device(type='cuda', index=1), 'methods': {'TrafficStream': <class 'src.model.model.TrafficStream_Model'>, 'STKEC': <class 'src.model.model.STKEC_Model'>, 'LSTM': <class 'src.model.model.LSTM_Model'>, 'MLP': <class 'src.model.model.MLP_Model'>, 'STLora': <class 'src.model.model.STLora_Model'>, 'STEmb': <class 'src.model.model.STEmb_Model'>}, 'begin_year': 0, 'end_year': 3, 'dropout': 0.0, 'lr': 0.03, 'batch_size': 128, 'epoch': 100, 'loss': 'mse', 'activation': 'relu', 'scheduler': 'epo', 'y_len': 12, 'x_len': 12, 'data_process': 0, 'raw_data_path': 'data/ENGERY/RawData/', 'save_data_path': 'data/ENGERY/FastData/', 'graph_path': 'data/ENGERY/graph/', 'model_path': 'log/ENGERY/', 'gcn': {'in_channel': 12, 'out_channel': 12, 'hidden_channel': 64}, 'tcn': {'in_channel': 1, 'out_channel': 1, 'kernel_size': 3, 'dilation': 1}, 'init': True, 'train': 1, 'auto_test': 0, 'strategy': 'retrain', 'detect': False, 'ewc': False, 'replay': False, 'path': 'log/ENGERY/oneline_st_an_engery-43', 'logger': <Logger utils.initialize (INFO)>}
2024-09-13 02:11:04,529 - [*] Year 0 load from data/ENGERY/FastData/0.npz
2024-09-13 02:11:04,755 - [*] Year 0 Dataset load!
2024-09-13 02:11:04,757 - Total Parameters: 3308
2024-09-13 02:11:04,757 - Trainable Parameters: 3308
2024-09-13 02:11:04,757 - [*] Year 0 Training start
2024-09-13 02:11:05,385 - node number torch.Size([13184, 12])
2024-09-13 02:11:06,611 - epoch:0, training loss:165867.1795 validation loss:175.8627
2024-09-13 02:11:08,040 - epoch:1, training loss:79268.0953 validation loss:178.8692
2024-09-13 02:11:09,442 - epoch:2, training loss:77221.3322 validation loss:169.2146
2024-09-13 02:11:10,786 - epoch:3, training loss:74371.7459 validation loss:178.7247
2024-09-13 02:11:12,176 - epoch:4, training loss:73814.4913 validation loss:174.7204
2024-09-13 02:11:13,601 - epoch:5, training loss:73592.0427 validation loss:174.7264
2024-09-13 02:11:15,011 - epoch:6, training loss:75765.4719 validation loss:158.1694
2024-09-13 02:11:16,468 - epoch:7, training loss:73730.5050 validation loss:169.9485
2024-09-13 02:11:17,874 - epoch:8, training loss:73391.7768 validation loss:162.7389
2024-09-13 02:11:19,278 - epoch:9, training loss:73517.5111 validation loss:168.7378
2024-09-13 02:11:20,661 - epoch:10, training loss:73944.3892 validation loss:174.9078
2024-09-13 02:11:22,234 - epoch:11, training loss:73967.2422 validation loss:156.0708
2024-09-13 02:11:23,799 - epoch:12, training loss:74013.1776 validation loss:172.0703
2024-09-13 02:11:25,298 - epoch:13, training loss:72416.0065 validation loss:177.6410
2024-09-13 02:11:26,751 - epoch:14, training loss:74178.3410 validation loss:159.0490
2024-09-13 02:11:28,305 - epoch:15, training loss:73648.8482 validation loss:168.6169
2024-09-13 02:11:29,803 - epoch:16, training loss:73196.7748 validation loss:166.2807
2024-09-13 02:11:31,341 - epoch:17, training loss:73010.5167 validation loss:162.2225
2024-09-13 02:11:32,025 - [*] loss:108177.0938
2024-09-13 02:11:32,030 - [*] year 0, testing
2024-09-13 02:11:32,091 - T:3	MAE	178.9154	RMSE	251.0586	MAPE	2103.8113
2024-09-13 02:11:32,214 - T:6	MAE	200.2884	RMSE	288.8769	MAPE	2165.8173
2024-09-13 02:11:32,575 - T:12	MAE	233.6006	RMSE	338.0181	MAPE	3502.5364
2024-09-13 02:11:32,575 - T:Avg	MAE	201.0391	RMSE	287.2302	MAPE	2526.7034
2024-09-13 02:11:32,576 - Finished optimization, total time:15.43 s, best model:log/ENGERY/oneline_st_an_engery-43/0/156.0708.pkl
2024-09-13 02:11:32,588 - [*] Year 1 load from data/ENGERY/FastData/1.npz
2024-09-13 02:11:32,706 - [*] Year 1 Dataset load!
2024-09-13 02:11:32,706 - [*] load from log/ENGERY/oneline_st_an_engery-43/0/156.0708.pkl
2024-09-13 02:11:32,709 - Total Parameters: 3308
2024-09-13 02:11:32,709 - Trainable Parameters: 3308
2024-09-13 02:11:32,709 - [*] Year 1 Training start
2024-09-13 02:11:33,352 - node number torch.Size([14336, 12])
2024-09-13 02:11:34,402 - epoch:0, training loss:62672.6029 validation loss:200.2548
2024-09-13 02:11:36,083 - epoch:1, training loss:61265.2494 validation loss:169.9646
2024-09-13 02:11:37,766 - epoch:2, training loss:60646.2675 validation loss:189.0896
2024-09-13 02:11:39,381 - epoch:3, training loss:60898.8777 validation loss:193.2450
2024-09-13 02:11:41,012 - epoch:4, training loss:60282.2782 validation loss:216.0990
2024-09-13 02:11:42,721 - epoch:5, training loss:60868.9535 validation loss:175.1592
2024-09-13 02:11:44,384 - epoch:6, training loss:61224.5807 validation loss:198.6062
2024-09-13 02:11:45,925 - epoch:7, training loss:59767.5262 validation loss:197.6039
2024-09-13 02:11:46,596 - [*] loss:59637.5547
2024-09-13 02:11:46,602 - [*] year 1, testing
2024-09-13 02:11:46,643 - T:3	MAE	104.9849	RMSE	165.4324	MAPE	2719.0283
2024-09-13 02:11:46,716 - T:6	MAE	128.0199	RMSE	199.1063	MAPE	4689.9845
2024-09-13 02:11:46,960 - T:12	MAE	164.3114	RMSE	247.1369	MAPE	8052.9526
2024-09-13 02:11:46,960 - T:Avg	MAE	129.3096	RMSE	199.4204	MAPE	4863.3153
2024-09-13 02:11:46,960 - Finished optimization, total time:7.52 s, best model:log/ENGERY/oneline_st_an_engery-43/1/169.9646.pkl
2024-09-13 02:11:46,976 - [*] Year 2 load from data/ENGERY/FastData/2.npz
2024-09-13 02:11:47,105 - [*] Year 2 Dataset load!
2024-09-13 02:11:47,105 - [*] load from log/ENGERY/oneline_st_an_engery-43/1/169.9646.pkl
2024-09-13 02:11:47,108 - Total Parameters: 3308
2024-09-13 02:11:47,108 - Trainable Parameters: 3308
2024-09-13 02:11:47,109 - [*] Year 2 Training start
2024-09-13 02:11:47,856 - node number torch.Size([15616, 12])
2024-09-13 02:11:49,018 - epoch:0, training loss:62152.8498 validation loss:206.8057
2024-09-13 02:11:50,647 - epoch:1, training loss:61259.8971 validation loss:164.1345
2024-09-13 02:11:52,281 - epoch:2, training loss:60498.2351 validation loss:156.3600
2024-09-13 02:11:53,992 - epoch:3, training loss:60403.7337 validation loss:186.9371
2024-09-13 02:11:55,617 - epoch:4, training loss:59680.2948 validation loss:190.5739
2024-09-13 02:11:57,304 - epoch:5, training loss:59831.7816 validation loss:166.9257
2024-09-13 02:11:58,989 - epoch:6, training loss:58778.4053 validation loss:178.5165
2024-09-13 02:12:00,583 - epoch:7, training loss:59625.0423 validation loss:165.1218
2024-09-13 02:12:02,267 - epoch:8, training loss:58556.3909 validation loss:183.7199
2024-09-13 02:12:02,993 - [*] loss:44937.4453
2024-09-13 02:12:02,998 - [*] year 2, testing
2024-09-13 02:12:03,045 - T:3	MAE	85.4340	RMSE	138.6610	MAPE	1783.8053
2024-09-13 02:12:03,129 - T:6	MAE	107.1952	RMSE	171.3629	MAPE	2856.8951
2024-09-13 02:12:03,409 - T:12	MAE	137.9560	RMSE	214.7644	MAPE	5030.4176
2024-09-13 02:12:03,409 - T:Avg	MAE	107.1637	RMSE	169.7971	MAPE	3104.4973
2024-09-13 02:12:03,410 - Finished optimization, total time:8.72 s, best model:log/ENGERY/oneline_st_an_engery-43/2/156.36.pkl
2024-09-13 02:12:03,428 - [*] Year 3 load from data/ENGERY/FastData/3.npz
2024-09-13 02:12:03,591 - [*] Year 3 Dataset load!
2024-09-13 02:12:03,591 - [*] load from log/ENGERY/oneline_st_an_engery-43/2/156.36.pkl
2024-09-13 02:12:03,594 - Total Parameters: 3308
2024-09-13 02:12:03,595 - Trainable Parameters: 3308
2024-09-13 02:12:03,595 - [*] Year 3 Training start
2024-09-13 02:12:04,296 - node number torch.Size([17152, 12])
2024-09-13 02:12:05,368 - epoch:0, training loss:36843.9629 validation loss:153.5483
2024-09-13 02:12:07,114 - epoch:1, training loss:35911.3202 validation loss:135.8175
2024-09-13 02:12:08,913 - epoch:2, training loss:35529.2507 validation loss:135.2572
2024-09-13 02:12:10,573 - epoch:3, training loss:35394.6142 validation loss:126.1642
2024-09-13 02:12:12,231 - epoch:4, training loss:35440.0640 validation loss:119.0159
2024-09-13 02:12:13,945 - epoch:5, training loss:35399.3320 validation loss:131.5934
2024-09-13 02:12:15,739 - epoch:6, training loss:35051.9117 validation loss:125.0021
2024-09-13 02:12:17,382 - epoch:7, training loss:34772.8965 validation loss:106.4501
2024-09-13 02:12:19,126 - epoch:8, training loss:35866.5324 validation loss:122.5649
2024-09-13 02:12:20,817 - epoch:9, training loss:35160.8097 validation loss:115.3593
2024-09-13 02:12:22,604 - epoch:10, training loss:35075.8600 validation loss:116.8259
2024-09-13 02:12:24,272 - epoch:11, training loss:35222.2173 validation loss:132.0741
2024-09-13 02:12:25,985 - epoch:12, training loss:34951.4422 validation loss:143.4624
2024-09-13 02:12:27,650 - epoch:13, training loss:35034.6387 validation loss:116.6796
2024-09-13 02:12:28,369 - [*] loss:84234.2891
2024-09-13 02:12:28,376 - [*] year 3, testing
2024-09-13 02:12:28,430 - T:3	MAE	240.7481	RMSE	303.0873	MAPE	30974.9390
2024-09-13 02:12:28,514 - T:6	MAE	239.9505	RMSE	300.6800	MAPE	32169.5435
2024-09-13 02:12:28,813 - T:12	MAE	238.4331	RMSE	298.8048	MAPE	34069.3939
2024-09-13 02:12:28,813 - T:Avg	MAE	239.5528	RMSE	300.6855	MAPE	32191.7918
2024-09-13 02:12:28,813 - Finished optimization, total time:13.91 s, best model:log/ENGERY/oneline_st_an_engery-43/3/106.4501.pkl
2024-09-13 02:12:28,816 - 


2024-09-13 02:12:28,816 - 3   	 MAE	    178.92	    104.98	     85.43	    240.75		  152.52
2024-09-13 02:12:28,816 - 3   	RMSE	    251.06	    165.43	    138.66	    303.09		  214.56
2024-09-13 02:12:28,816 - 3   	MAPE	   2103.81	   2719.03	   1783.81	  30974.94		 9395.40
2024-09-13 02:12:28,816 - 6   	 MAE	    200.29	    128.02	    107.20	    239.95		  168.86
2024-09-13 02:12:28,816 - 6   	RMSE	    288.88	    199.11	    171.36	    300.68		  240.01
2024-09-13 02:12:28,817 - 6   	MAPE	   2165.82	   4689.98	   2856.90	  32169.54		10470.56
2024-09-13 02:12:28,817 - 12  	 MAE	    233.60	    164.31	    137.96	    238.43		  193.58
2024-09-13 02:12:28,817 - 12  	RMSE	    338.02	    247.14	    214.76	    298.80		  274.68
2024-09-13 02:12:28,817 - 12  	MAPE	   3502.54	   8052.95	   5030.42	  34069.39		12663.83
2024-09-13 02:12:28,817 - Avg 	 MAE	    201.04	    129.31	    107.16	    239.55		  169.27
2024-09-13 02:12:28,817 - Avg 	RMSE	    287.23	    199.42	    169.80	    300.69		  239.28
2024-09-13 02:12:28,817 - Avg 	MAPE	   2526.70	   4863.32	   3104.50	  32191.79		10671.58
2024-09-13 02:12:28,817 - year	0   	total_time	   15.4265	average_time	    0.8570	epoch	18
2024-09-13 02:12:28,817 - year	1   	total_time	    7.5214	average_time	    0.9402	epoch	8
2024-09-13 02:12:28,817 - year	2   	total_time	    8.7172	average_time	    0.9686	epoch	9
2024-09-13 02:12:28,817 - year	3   	total_time	   13.9067	average_time	    0.9934	epoch	14
2024-09-13 02:12:28,817 - total time: 45.5719
