2024-09-29 23:29:45,991 - logger name:log/PEMS-Few/oneline_st_an_pems-few-43/oneline_st_an_pems-few.log
2024-09-29 23:29:45,991 - params : {'conf': 'new_conf/PEMS-Few/oneline_st_an_pems-few.json', 'seed': 43, 'paral': 0, 'gpuid': 2, 'logname': 'oneline_st_an_pems-few', 'method': 'TrafficStream', 'load_first_year': 0, 'first_year_model_path': 'log/PEMS/trafficstream-42/2011/16.6936.pkl', 'device': device(type='cuda', index=2), 'methods': {'TrafficStream': <class 'src.model.model.TrafficStream_Model'>, 'STKEC': <class 'src.model.model.STKEC_Model'>, 'EAC': <class 'src.model.model.EAC_Model'>}, 'begin_year': 2011, 'end_year': 2017, 'dropout': 0.0, 'lr': 0.03, 'batch_size': 128, 'epoch': 100, 'loss': 'mse', 'activation': 'relu', 'scheduler': 'epo', 'y_len': 12, 'x_len': 12, 'data_process': 0, 'raw_data_path': 'data/PEMS-Few/RawData/', 'save_data_path': 'data/PEMS-Few/FastData/', 'graph_path': 'data/PEMS-Few/graph/', 'model_path': 'log/PEMS-Few/', 'gcn': {'in_channel': 12, 'out_channel': 12, 'hidden_channel': 64}, 'tcn': {'in_channel': 1, 'out_channel': 1, 'kernel_size': 3, 'dilation': 1}, 'init': True, 'train': 1, 'auto_test': 0, 'strategy': 'retrain', 'detect': False, 'ewc': False, 'replay': False, 'path': 'log/PEMS-Few/oneline_st_an_pems-few-43', 'logger': <Logger utils.initialize (INFO)>}
2024-09-29 23:29:46,007 - [*] Year 2011 load from data/PEMS-Few/FastData/2011.npz
2024-09-29 23:29:47,807 - [*] Year 2011 Dataset load!
2024-09-29 23:29:47,811 - Total Parameters: 3308
2024-09-29 23:29:47,811 - Trainable Parameters: 3308
2024-09-29 23:29:47,812 - [*] Year 2011 Training start
2024-09-29 23:29:49,847 - node number torch.Size([83840, 12])
2024-09-29 23:29:57,399 - epoch:0, training loss:26399.6647 validation loss:65.6109
2024-09-29 23:30:03,914 - epoch:1, training loss:6416.5330 validation loss:46.1495
2024-09-29 23:30:10,084 - epoch:2, training loss:2776.2370 validation loss:26.8322
2024-09-29 23:30:16,890 - epoch:3, training loss:1713.2874 validation loss:24.3529
2024-09-29 23:30:24,194 - epoch:4, training loss:1470.8785 validation loss:21.9650
2024-09-29 23:30:31,911 - epoch:5, training loss:1287.2526 validation loss:21.0234
2024-09-29 23:30:39,540 - epoch:6, training loss:1081.6020 validation loss:18.9399
2024-09-29 23:30:47,638 - epoch:7, training loss:905.1858 validation loss:18.4016
2024-09-29 23:30:55,015 - epoch:8, training loss:846.0001 validation loss:18.1318
2024-09-29 23:31:02,035 - epoch:9, training loss:816.8246 validation loss:17.8153
2024-09-29 23:31:08,451 - epoch:10, training loss:793.3455 validation loss:17.5922
2024-09-29 23:31:15,644 - epoch:11, training loss:786.9270 validation loss:17.4646
2024-09-29 23:31:22,693 - epoch:12, training loss:766.4178 validation loss:17.3548
2024-09-29 23:31:29,903 - epoch:13, training loss:761.8514 validation loss:17.6363
2024-09-29 23:31:37,278 - epoch:14, training loss:745.4242 validation loss:17.5979
2024-09-29 23:31:44,774 - epoch:15, training loss:736.4970 validation loss:17.3375
2024-09-29 23:31:52,210 - epoch:16, training loss:730.3472 validation loss:16.9267
2024-09-29 23:31:59,466 - epoch:17, training loss:720.8395 validation loss:17.5618
2024-09-29 23:32:06,502 - epoch:18, training loss:721.2530 validation loss:16.9788
2024-09-29 23:32:13,385 - epoch:19, training loss:710.1487 validation loss:17.1077
2024-09-29 23:32:20,300 - epoch:20, training loss:711.2418 validation loss:17.1499
2024-09-29 23:32:27,571 - epoch:21, training loss:720.2908 validation loss:16.4533
2024-09-29 23:32:34,794 - epoch:22, training loss:705.2219 validation loss:16.4431
2024-09-29 23:32:41,951 - epoch:23, training loss:703.9456 validation loss:17.4280
2024-09-29 23:32:49,075 - epoch:24, training loss:710.9234 validation loss:16.8859
2024-09-29 23:32:56,459 - epoch:25, training loss:702.4290 validation loss:16.3668
2024-09-29 23:33:03,589 - epoch:26, training loss:700.1282 validation loss:16.5896
2024-09-29 23:33:10,797 - epoch:27, training loss:692.1178 validation loss:16.4955
2024-09-29 23:33:18,079 - epoch:28, training loss:697.8867 validation loss:16.4692
2024-09-29 23:33:25,398 - epoch:29, training loss:692.4420 validation loss:16.4839
2024-09-29 23:33:32,592 - epoch:30, training loss:702.1590 validation loss:17.0906
2024-09-29 23:33:40,040 - epoch:31, training loss:711.2059 validation loss:16.4751
2024-09-29 23:33:43,854 - [*] loss:639.4143
2024-09-29 23:33:43,882 - [*] year 2011, testing
2024-09-29 23:33:44,231 - T:3	MAE	13.2719	RMSE	20.2830	MAPE	17.8513
2024-09-29 23:33:44,858 - T:6	MAE	14.2561	RMSE	22.0356	MAPE	19.3206
2024-09-29 23:33:46,941 - T:12	MAE	16.3374	RMSE	25.4969	MAPE	22.3783
2024-09-29 23:33:46,942 - T:Avg	MAE	14.4252	RMSE	22.2693	MAPE	19.5192
2024-09-29 23:33:46,944 - Finished optimization, total time:180.65 s, best model:log/PEMS-Few/oneline_st_an_pems-few-43/2011/16.3668.pkl
2024-09-29 23:33:46,972 - [*] Year 2012 load from data/PEMS-Few/FastData/2012.npz
2024-09-29 23:33:47,468 - [*] Year 2012 Dataset load!
2024-09-29 23:33:47,468 - [*] load from log/PEMS-Few/oneline_st_an_pems-few-43/2011/16.3668.pkl
2024-09-29 23:33:47,806 - Total Parameters: 3308
2024-09-29 23:33:47,807 - Trainable Parameters: 3308
2024-09-29 23:33:47,807 - [*] Year 2012 Training start
2024-09-29 23:33:49,115 - node number torch.Size([91520, 12])
2024-09-29 23:33:55,815 - epoch:0, training loss:1126.1443 validation loss:19.6262
2024-09-29 23:34:02,794 - epoch:1, training loss:785.5857 validation loss:17.4892
2024-09-29 23:34:10,578 - epoch:2, training loss:698.9569 validation loss:16.6013
2024-09-29 23:34:17,616 - epoch:3, training loss:668.3035 validation loss:16.4035
2024-09-29 23:34:24,938 - epoch:4, training loss:665.7501 validation loss:16.5047
2024-09-29 23:34:32,209 - epoch:5, training loss:661.2554 validation loss:15.9200
2024-09-29 23:34:39,429 - epoch:6, training loss:656.1547 validation loss:16.4009
2024-09-29 23:34:46,018 - epoch:7, training loss:661.8609 validation loss:16.5851
2024-09-29 23:34:53,207 - epoch:8, training loss:664.1929 validation loss:16.4638
2024-09-29 23:35:00,707 - epoch:9, training loss:654.8689 validation loss:16.2736
2024-09-29 23:35:11,082 - epoch:10, training loss:652.6365 validation loss:16.2796
2024-09-29 23:35:21,368 - epoch:11, training loss:649.3568 validation loss:16.5590
2024-09-29 23:35:27,175 - [*] loss:616.5956
2024-09-29 23:35:27,208 - [*] year 2012, testing
2024-09-29 23:35:27,488 - T:3	MAE	12.3762	RMSE	19.4814	MAPE	17.1691
2024-09-29 23:35:28,096 - T:6	MAE	13.3461	RMSE	21.2442	MAPE	18.1834
2024-09-29 23:35:30,320 - T:12	MAE	15.5179	RMSE	25.0441	MAPE	20.5715
2024-09-29 23:35:30,321 - T:Avg	MAE	13.5411	RMSE	21.5557	MAPE	18.3872
2024-09-29 23:35:30,324 - Finished optimization, total time:74.13 s, best model:log/PEMS-Few/oneline_st_an_pems-few-43/2012/15.92.pkl
2024-09-29 23:35:30,345 - [*] Year 2013 load from data/PEMS-Few/FastData/2013.npz
2024-09-29 23:35:30,981 - [*] Year 2013 Dataset load!
2024-09-29 23:35:30,981 - [*] load from log/PEMS-Few/oneline_st_an_pems-few-43/2012/15.92.pkl
2024-09-29 23:35:31,191 - Total Parameters: 3308
2024-09-29 23:35:31,191 - Trainable Parameters: 3308
2024-09-29 23:35:31,192 - [*] Year 2013 Training start
2024-09-29 23:35:32,245 - node number torch.Size([100608, 12])
2024-09-29 23:35:42,478 - epoch:0, training loss:1019.0411 validation loss:20.7074
2024-09-29 23:35:53,927 - epoch:1, training loss:673.6648 validation loss:16.4968
2024-09-29 23:36:05,160 - epoch:2, training loss:630.2283 validation loss:17.9532
2024-09-29 23:36:15,396 - epoch:3, training loss:615.3475 validation loss:16.7344
2024-09-29 23:36:25,610 - epoch:4, training loss:612.4660 validation loss:17.1277
2024-09-29 23:36:36,227 - epoch:5, training loss:605.9011 validation loss:17.4185
2024-09-29 23:36:46,723 - epoch:6, training loss:607.2998 validation loss:16.6864
2024-09-29 23:36:56,976 - epoch:7, training loss:608.5527 validation loss:16.6904
2024-09-29 23:37:01,614 - [*] loss:710.4196
2024-09-29 23:37:01,656 - [*] year 2013, testing
2024-09-29 23:37:02,018 - T:3	MAE	12.9292	RMSE	20.3857	MAPE	24.6130
2024-09-29 23:37:02,797 - T:6	MAE	14.0057	RMSE	22.4971	MAPE	24.6885
2024-09-29 23:37:05,540 - T:12	MAE	16.4778	RMSE	26.8704	MAPE	26.1486
2024-09-29 23:37:05,541 - T:Avg	MAE	14.2368	RMSE	22.8252	MAPE	24.9216
2024-09-29 23:37:05,545 - Finished optimization, total time:71.21 s, best model:log/PEMS-Few/oneline_st_an_pems-few-43/2013/16.4968.pkl
2024-09-29 23:37:05,588 - [*] Year 2014 load from data/PEMS-Few/FastData/2014.npz
2024-09-29 23:37:06,170 - [*] Year 2014 Dataset load!
2024-09-29 23:37:06,170 - [*] load from log/PEMS-Few/oneline_st_an_pems-few-43/2013/16.4968.pkl
2024-09-29 23:37:06,485 - Total Parameters: 3308
2024-09-29 23:37:06,486 - Trainable Parameters: 3308
2024-09-29 23:37:06,486 - [*] Year 2014 Training start
2024-09-29 23:37:07,552 - node number torch.Size([105216, 12])
2024-09-29 23:37:17,943 - epoch:0, training loss:976.4064 validation loss:20.0893
2024-09-29 23:37:28,558 - epoch:1, training loss:776.1560 validation loss:17.8413
2024-09-29 23:37:39,772 - epoch:2, training loss:757.0395 validation loss:17.4385
2024-09-29 23:37:50,919 - epoch:3, training loss:742.1668 validation loss:17.4553
2024-09-29 23:38:01,823 - epoch:4, training loss:732.3674 validation loss:17.2512
2024-09-29 23:38:12,683 - epoch:5, training loss:725.8015 validation loss:17.8785
2024-09-29 23:38:23,599 - epoch:6, training loss:724.2869 validation loss:17.5085
2024-09-29 23:38:34,727 - epoch:7, training loss:733.3843 validation loss:17.5696
2024-09-29 23:38:45,246 - epoch:8, training loss:722.9138 validation loss:17.6463
2024-09-29 23:38:56,576 - epoch:9, training loss:713.0918 validation loss:17.2228
2024-09-29 23:39:07,133 - epoch:10, training loss:711.5609 validation loss:17.8456
2024-09-29 23:39:17,244 - epoch:11, training loss:714.0762 validation loss:17.4533
2024-09-29 23:39:28,079 - epoch:12, training loss:716.8512 validation loss:17.4420
2024-09-29 23:39:39,019 - epoch:13, training loss:710.2434 validation loss:17.4153
2024-09-29 23:39:49,556 - epoch:14, training loss:717.3011 validation loss:17.1918
2024-09-29 23:40:00,038 - epoch:15, training loss:710.3353 validation loss:17.4835
2024-09-29 23:40:10,589 - epoch:16, training loss:718.4426 validation loss:17.3537
2024-09-29 23:40:20,341 - epoch:17, training loss:715.8753 validation loss:17.6886
2024-09-29 23:40:30,157 - epoch:18, training loss:715.2840 validation loss:17.5380
2024-09-29 23:40:39,160 - epoch:19, training loss:699.2608 validation loss:17.4847
2024-09-29 23:40:48,251 - epoch:20, training loss:705.2504 validation loss:17.3616
2024-09-29 23:40:52,286 - [*] loss:749.9818
2024-09-29 23:40:52,317 - [*] year 2014, testing
2024-09-29 23:40:52,718 - T:3	MAE	13.8610	RMSE	21.9257	MAPE	17.1612
2024-09-29 23:40:53,599 - T:6	MAE	14.8956	RMSE	23.8166	MAPE	18.2747
2024-09-29 23:40:56,182 - T:12	MAE	17.1228	RMSE	27.6872	MAPE	20.4773
2024-09-29 23:40:56,182 - T:Avg	MAE	15.0975	RMSE	24.1124	MAPE	18.4368
2024-09-29 23:40:56,184 - Finished optimization, total time:183.23 s, best model:log/PEMS-Few/oneline_st_an_pems-few-43/2014/17.1918.pkl
2024-09-29 23:40:56,207 - [*] Year 2015 load from data/PEMS-Few/FastData/2015.npz
2024-09-29 23:40:56,722 - [*] Year 2015 Dataset load!
2024-09-29 23:40:56,723 - [*] load from log/PEMS-Few/oneline_st_an_pems-few-43/2014/17.1918.pkl
2024-09-29 23:40:57,120 - Total Parameters: 3308
2024-09-29 23:40:57,120 - Trainable Parameters: 3308
2024-09-29 23:40:57,121 - [*] Year 2015 Training start
2024-09-29 23:40:58,280 - node number torch.Size([106752, 12])
2024-09-29 23:41:06,402 - epoch:0, training loss:1469.5041 validation loss:17.4306
2024-09-29 23:41:15,363 - epoch:1, training loss:871.0259 validation loss:17.0400
2024-09-29 23:41:23,328 - epoch:2, training loss:740.2883 validation loss:17.0347
2024-09-29 23:41:31,178 - epoch:3, training loss:710.9168 validation loss:16.5978
2024-09-29 23:41:37,808 - epoch:4, training loss:701.0279 validation loss:16.5877
2024-09-29 23:41:45,648 - epoch:5, training loss:701.7394 validation loss:16.9176
2024-09-29 23:41:54,042 - epoch:6, training loss:697.3519 validation loss:16.1261
2024-09-29 23:42:02,258 - epoch:7, training loss:700.7108 validation loss:17.6157
2024-09-29 23:42:10,320 - epoch:8, training loss:700.6745 validation loss:16.2136
2024-09-29 23:42:17,879 - epoch:9, training loss:695.7243 validation loss:16.8498
2024-09-29 23:42:23,762 - epoch:10, training loss:692.2814 validation loss:16.0790
2024-09-29 23:42:31,044 - epoch:11, training loss:688.3189 validation loss:16.8284
2024-09-29 23:42:38,595 - epoch:12, training loss:690.6152 validation loss:16.5128
2024-09-29 23:42:45,956 - epoch:13, training loss:686.3121 validation loss:16.1279
2024-09-29 23:42:53,231 - epoch:14, training loss:691.5921 validation loss:16.1848
2024-09-29 23:43:00,956 - epoch:15, training loss:689.0063 validation loss:15.8812
2024-09-29 23:43:07,901 - epoch:16, training loss:692.0425 validation loss:16.7711
2024-09-29 23:43:16,028 - epoch:17, training loss:689.0431 validation loss:16.9120
2024-09-29 23:43:23,837 - epoch:18, training loss:689.1728 validation loss:16.3192
2024-09-29 23:43:31,502 - epoch:19, training loss:683.4930 validation loss:16.2230
2024-09-29 23:43:39,096 - epoch:20, training loss:688.1981 validation loss:16.2960
2024-09-29 23:43:46,176 - epoch:21, training loss:678.5149 validation loss:16.7541
2024-09-29 23:43:49,272 - [*] loss:697.8352
2024-09-29 23:43:49,328 - [*] year 2015, testing
2024-09-29 23:43:49,800 - T:3	MAE	12.7155	RMSE	20.5576	MAPE	18.3197
2024-09-29 23:43:50,854 - T:6	MAE	13.8257	RMSE	22.7417	MAPE	19.4796
2024-09-29 23:43:53,755 - T:12	MAE	16.0096	RMSE	26.6985	MAPE	22.0058
2024-09-29 23:43:53,756 - T:Avg	MAE	13.9746	RMSE	22.9534	MAPE	19.6553
2024-09-29 23:43:53,758 - Finished optimization, total time:132.36 s, best model:log/PEMS-Few/oneline_st_an_pems-few-43/2015/15.8812.pkl
2024-09-29 23:43:53,784 - [*] Year 2016 load from data/PEMS-Few/FastData/2016.npz
2024-09-29 23:43:54,317 - [*] Year 2016 Dataset load!
2024-09-29 23:43:54,317 - [*] load from log/PEMS-Few/oneline_st_an_pems-few-43/2015/15.8812.pkl
2024-09-29 23:43:54,636 - Total Parameters: 3308
2024-09-29 23:43:54,636 - Trainable Parameters: 3308
2024-09-29 23:43:54,636 - [*] Year 2016 Training start
2024-09-29 23:43:55,625 - node number torch.Size([108800, 12])
2024-09-29 23:44:01,652 - epoch:0, training loss:1431.1597 validation loss:18.3913
2024-09-29 23:44:09,435 - epoch:1, training loss:871.2950 validation loss:16.5603
2024-09-29 23:44:17,341 - epoch:2, training loss:757.7981 validation loss:16.0556
2024-09-29 23:44:25,560 - epoch:3, training loss:735.1186 validation loss:15.7018
2024-09-29 23:44:33,946 - epoch:4, training loss:722.1675 validation loss:15.6733
2024-09-29 23:44:42,236 - epoch:5, training loss:716.5247 validation loss:15.5576
2024-09-29 23:44:50,504 - epoch:6, training loss:714.3021 validation loss:15.7512
2024-09-29 23:44:58,023 - epoch:7, training loss:721.6940 validation loss:16.5265
2024-09-29 23:45:03,969 - epoch:8, training loss:720.3825 validation loss:15.7052
2024-09-29 23:45:10,313 - epoch:9, training loss:713.0650 validation loss:15.5630
2024-09-29 23:45:17,018 - epoch:10, training loss:711.4681 validation loss:16.0814
2024-09-29 23:45:25,094 - epoch:11, training loss:712.2224 validation loss:15.7560
2024-09-29 23:45:28,736 - [*] loss:758.4539
2024-09-29 23:45:28,777 - [*] year 2016, testing
2024-09-29 23:45:29,183 - T:3	MAE	12.1576	RMSE	21.6515	MAPE	16.4167
2024-09-29 23:45:30,111 - T:6	MAE	13.2594	RMSE	23.8815	MAPE	17.9121
2024-09-29 23:45:32,972 - T:12	MAE	15.4642	RMSE	27.7891	MAPE	20.8136
2024-09-29 23:45:32,972 - T:Avg	MAE	13.4165	RMSE	24.0444	MAPE	18.0652
2024-09-29 23:45:32,977 - Finished optimization, total time:70.80 s, best model:log/PEMS-Few/oneline_st_an_pems-few-43/2016/15.5576.pkl
2024-09-29 23:45:33,064 - [*] Year 2017 load from data/PEMS-Few/FastData/2017.npz
2024-09-29 23:45:33,615 - [*] Year 2017 Dataset load!
2024-09-29 23:45:33,615 - [*] load from log/PEMS-Few/oneline_st_an_pems-few-43/2016/15.5576.pkl
2024-09-29 23:45:33,965 - Total Parameters: 3308
2024-09-29 23:45:33,965 - Trainable Parameters: 3308
2024-09-29 23:45:33,965 - [*] Year 2017 Training start
2024-09-29 23:45:35,003 - node number torch.Size([111488, 12])
2024-09-29 23:45:40,368 - epoch:0, training loss:1215.1848 validation loss:19.1559
2024-09-29 23:45:48,431 - epoch:1, training loss:940.2270 validation loss:18.1523
2024-09-29 23:45:56,066 - epoch:2, training loss:883.2429 validation loss:17.7831
2024-09-29 23:46:04,445 - epoch:3, training loss:877.9649 validation loss:17.5108
2024-09-29 23:46:12,711 - epoch:4, training loss:872.9298 validation loss:17.3202
2024-09-29 23:46:21,163 - epoch:5, training loss:876.9678 validation loss:17.6124
2024-09-29 23:46:29,529 - epoch:6, training loss:873.2751 validation loss:17.8968
2024-09-29 23:46:38,059 - epoch:7, training loss:868.8195 validation loss:17.4993
2024-09-29 23:46:45,711 - epoch:8, training loss:866.5885 validation loss:17.7228
2024-09-29 23:46:52,757 - epoch:9, training loss:863.4085 validation loss:17.4706
2024-09-29 23:46:58,883 - epoch:10, training loss:861.2715 validation loss:17.6434
2024-09-29 23:47:02,198 - [*] loss:784.6097
2024-09-29 23:47:02,229 - [*] year 2017, testing
2024-09-29 23:47:02,609 - T:3	MAE	13.5536	RMSE	22.2377	MAPE	17.3304
2024-09-29 23:47:03,353 - T:6	MAE	14.7329	RMSE	24.3187	MAPE	19.3181
2024-09-29 23:47:05,674 - T:12	MAE	17.1144	RMSE	28.2507	MAPE	23.3304
2024-09-29 23:47:05,674 - T:Avg	MAE	14.9142	RMSE	24.5665	MAPE	19.6214
2024-09-29 23:47:05,676 - Finished optimization, total time:67.45 s, best model:log/PEMS-Few/oneline_st_an_pems-few-43/2017/17.3202.pkl
2024-09-29 23:47:05,682 - 


2024-09-29 23:47:05,682 - 3   	 MAE	     13.27	     12.38	     12.93	     13.86	     12.72	     12.16	     13.55		   12.98
2024-09-29 23:47:05,682 - 3   	RMSE	     20.28	     19.48	     20.39	     21.93	     20.56	     21.65	     22.24		   20.93
2024-09-29 23:47:05,682 - 3   	MAPE	     17.85	     17.17	     24.61	     17.16	     18.32	     16.42	     17.33		   18.41
2024-09-29 23:47:05,682 - 6   	 MAE	     14.26	     13.35	     14.01	     14.90	     13.83	     13.26	     14.73		   14.05
2024-09-29 23:47:05,682 - 6   	RMSE	     22.04	     21.24	     22.50	     23.82	     22.74	     23.88	     24.32		   22.93
2024-09-29 23:47:05,682 - 6   	MAPE	     19.32	     18.18	     24.69	     18.27	     19.48	     17.91	     19.32		   19.60
2024-09-29 23:47:05,682 - 12  	 MAE	     16.34	     15.52	     16.48	     17.12	     16.01	     15.46	     17.11		   16.29
2024-09-29 23:47:05,682 - 12  	RMSE	     25.50	     25.04	     26.87	     27.69	     26.70	     27.79	     28.25		   26.83
2024-09-29 23:47:05,682 - 12  	MAPE	     22.38	     20.57	     26.15	     20.48	     22.01	     20.81	     23.33		   22.25
2024-09-29 23:47:05,683 - Avg 	 MAE	     14.43	     13.54	     14.24	     15.10	     13.97	     13.42	     14.91		   14.23
2024-09-29 23:47:05,683 - Avg 	RMSE	     22.27	     21.56	     22.83	     24.11	     22.95	     24.04	     24.57		   23.19
2024-09-29 23:47:05,683 - Avg 	MAPE	     19.52	     18.39	     24.92	     18.44	     19.66	     18.07	     19.62		   19.80
2024-09-29 23:47:05,683 - year	2011	total_time	  180.6546	average_time	    5.6455	epoch	32
2024-09-29 23:47:05,683 - year	2012	total_time	   74.1305	average_time	    6.1776	epoch	12
2024-09-29 23:47:05,683 - year	2013	total_time	   71.2078	average_time	    8.9010	epoch	8
2024-09-29 23:47:05,683 - year	2014	total_time	  183.2281	average_time	    8.7252	epoch	21
2024-09-29 23:47:05,683 - year	2015	total_time	  132.3595	average_time	    6.0164	epoch	22
2024-09-29 23:47:05,683 - year	2016	total_time	   70.7952	average_time	    5.8996	epoch	12
2024-09-29 23:47:05,683 - year	2017	total_time	   67.4464	average_time	    6.1315	epoch	11
2024-09-29 23:47:05,683 - total time: 779.8221
